========================================
Running: 0
Test Class: StudentTaintCheckerTest
Started at: Sun Sep  7 19:09:38 CEST 2025
========================================

> Task :compileJava UP-TO-DATE
> Task :processResources NO-SOURCE
> Task :classes UP-TO-DATE
> Task :compileTestJava UP-TO-DATE
> Task :processTestResources UP-TO-DATE
> Task :testClasses UP-TO-DATE
> Task :test FAILED

FAILURE: Build failed with an exception.

* What went wrong:
Execution failed for task ':test'.
> No tests found for given includes: [StudentTaintCheckerTest](--tests filter)

* Try:
> Run with --stacktrace option to get the stack trace.
> Run with --info or --debug option to get more log output.
> Run with --scan to get full insights.

* Get more help at https://help.gradle.org

BUILD FAILED in 266ms
4 actionable tasks: 1 executed, 3 up-to-date

========================================
Test completed at: Sun Sep  7 19:09:39 CEST 2025
Exit code: 1
========================================
